Removed Pin From Net: NetName=FB Pin=R14-1
Removed Pin From Net: NetName=GND Pin=R14-2
Change Component Designator: OldDesignator=R15 NewDesignator=R16
Change Component Designator: OldDesignator=R16 NewDesignator=R17
Change Component Designator: OldDesignator=R17 NewDesignator=R18
Change Component Designator: OldDesignator=R18 NewDesignator=R19
Change Component Designator: OldDesignator=R19 NewDesignator=R20
Change Component Designator: OldDesignator=R20 NewDesignator=R21
Change Component Designator: OldDesignator=R21 NewDesignator=R22
Change Component Designator: OldDesignator=R22 NewDesignator=R23
Added Component: Designator=D4(3.2X1.6X1.1)
Added Component: Designator=R15(RESC2012X70N)
Added Pin To Net: NetName=GND Pin=D4-2
Added Pin To Net: NetName=3.3V Pin=R14-1
Added Pin To Net: NetName=FB Pin=R14-1
Added Pin To Net: NetName=GND Pin=R14-2
Change Net Name : Old Net Name=NetR16_2 New Net Name=NetR17_2
Change Net Name : Old Net Name=NetR17_2 New Net Name=NetR18_2
Change Net Name : Old Net Name=NetR18_1 New Net Name=NetR19_1
Change Net Name : Old Net Name=NetR20_2 New Net Name=NetR21_2
Change Net Name : Old Net Name=NetR21_1 New Net Name=NetR22_1
Change Net Name : Old Net Name=NetR22_2 New Net Name=NetR23_2
Added Pin To Net: NetName=NetD4_1 Pin=D4-1
Added Pin To Net: NetName=NetD4_1 Pin=R14-2
Added Net: Name=NetD4_1
Added Member To Class: ClassName=ESP12_interface Member=Component D4 LED2
Added Member To Class: ClassName=ESP12_interface Member=Component R23 Thick Film
