Added Component: Designator=C1(CAPC2012X135N)
Added Component: Designator=C2(CAPMP3216X180N)
Added Component: Designator=C3(CAPC2012X135N)
Added Component: Designator=C4(CAPMP3216X180N)
Added Component: Designator=C5(CAPMP3216X180N)
Added Component: Designator=C6(CAPC2012X135N)
Added Component: Designator=C7(CAPC2012X135N)
Added Component: Designator=C8(CAPC2012X135N)
Added Component: Designator=C9(CAPC2012X135N)
Added Component: Designator=C10(CAPC2012X135N)
Added Component: Designator=C11(CAPC2012X135N)
Added Component: Designator=C12(CAPC2012X135N)
Added Component: Designator=C13(CAPC2012X135N)
Added Component: Designator=C14(CAPMP7343X310N)
Added Component: Designator=C15(CAPC2012X135N)
Added Component: Designator=C16(CAPC2012X135N)
Added Component: Designator=C17(CAPC2012X135N)
Added Component: Designator=C18(CAPC2012X135N)
Added Component: Designator=C19(CAPC2012X135N)
Added Component: Designator=C20(CAPC2012X135N)
Added Component: Designator=C21(CAPC2012X135N)
Added Component: Designator=F1(RESC3216X70N)
Added Component: Designator=Ferrite Bead1(SMD 1206)
Added Component: Designator=H1(HDR_1x2_Offset)
Added Component: Designator=J1(ROS-32K145-400L5_V)
Added Component: Designator=J2(USB_Micro-B_FCI_SMD)
Added Component: Designator=J3(2P_PCB_ScrewTerm_90S_3.81MM)
Added Component: Designator=L1(COILCRAFT_LPS4018)
Added Component: Designator=LED1(Type 3mm)
Added Component: Designator=LED2(Type 3mm)
Added Component: Designator=LED3(Type 3mm)
Added Component: Designator=LED?(Type 3mm)
Added Component: Designator=P1(HDR1X2)
Added Component: Designator=P2(HDR2X3_CEN)
Added Component: Designator=P3(HDR1X3)
Added Component: Designator=P4(HDR1X7)
Added Component: Designator=R1(ERA-0805)
Added Component: Designator=R2(ERA-0805)
Added Component: Designator=R3(ERA-0805)
Added Component: Designator=R4(ERA-0805)
Added Component: Designator=R5(6-0805)
Added Component: Designator=R6(ERA-0805)
Added Component: Designator=R7(ERA-0805)
Added Component: Designator=R8(ERA-0805)
Added Component: Designator=R9(ERA-0805)
Added Component: Designator=R10(ERA-0805)
Added Component: Designator=R11(ERA-0805)
Added Component: Designator=R12(ERA-0805)
Added Component: Designator=R13(ERA-0805)
Added Component: Designator=R14(ERA-0805)
Added Component: Designator=R15(ERA-0805)
Added Component: Designator=R16(ERA-0805)
Added Component: Designator=R17(ERA-0805)
Added Component: Designator=R18(RESC2012X70N)
Added Component: Designator=R19(RESC2012X70N)
Added Component: Designator=R20(RESC2012X70N)
Added Component: Designator=R21(ERA-0805)
Added Component: Designator=R22(ERA-0805)
Added Component: Designator=R23(ERA-0805)
Added Component: Designator=R24(ERA-0805)
Added Component: Designator=R25(ERA-0805)
Added Component: Designator=S1(TACT-SWITCH-TS1170)
Added Component: Designator=S2(TACT-SWITCH-TS1170)
Added Component: Designator=S3(450302014072)
Added Component: Designator=TP1(TP-R60)
Added Component: Designator=TP2(TP-R60)
Added Component: Designator=TP3(TP-R60)
Added Component: Designator=TP4(TP-R60)
Added Component: Designator=U1(751-02_N)
Added Component: Designator=U2(M08A_N)
Added Component: Designator=U3(DRA818_breakout)
Added Component: Designator=U4(MHDR1X8)
Added Component: Designator=U5(SOT23-5)
Added Component: Designator=U6(EC12)
Added Component: Designator=U7(LQFP48_N)
Added Component: Designator=U8(SOT-23-OT5_N)
Added Component: Designator=Y1(HC-49U)
Added Pin To Net: NetName=3.3V_A Pin=C21-2
Added Pin To Net: NetName=3.3V_A Pin=Ferrite Bead1-2
Added Pin To Net: NetName=3.3V_A Pin=U7-9
Added Net: Name=3.3V_A
Added Pin To Net: NetName=3.3V Pin=C3-1
Added Pin To Net: NetName=3.3V Pin=C9-2
Added Pin To Net: NetName=3.3V Pin=C10-1
Added Pin To Net: NetName=3.3V Pin=C18-2
Added Pin To Net: NetName=3.3V Pin=C19-2
Added Pin To Net: NetName=3.3V Pin=C20-2
Added Pin To Net: NetName=3.3V Pin=F1-2
Added Pin To Net: NetName=3.3V Pin=Ferrite Bead1-1
Added Pin To Net: NetName=3.3V Pin=P2-1
Added Pin To Net: NetName=3.3V Pin=P2-4
Added Pin To Net: NetName=3.3V Pin=P4-1
Added Pin To Net: NetName=3.3V Pin=R1-1
Added Pin To Net: NetName=3.3V Pin=R4-1
Added Pin To Net: NetName=3.3V Pin=R8-2
Added Pin To Net: NetName=3.3V Pin=R9-1
Added Pin To Net: NetName=3.3V Pin=R11-1
Added Pin To Net: NetName=3.3V Pin=R16-1
Added Pin To Net: NetName=3.3V Pin=R21-1
Added Pin To Net: NetName=3.3V Pin=R22-1
Added Pin To Net: NetName=3.3V Pin=U1-8
Added Pin To Net: NetName=3.3V Pin=U2-6
Added Pin To Net: NetName=3.3V Pin=U3-8
Added Pin To Net: NetName=3.3V Pin=U4-3
Added Pin To Net: NetName=3.3V Pin=U7-24
Added Pin To Net: NetName=3.3V Pin=U7-36
Added Pin To Net: NetName=3.3V Pin=U7-48
Added Net: Name=3.3V
Added Pin To Net: NetName=AF Pin=C7-1
Added Pin To Net: NetName=AF Pin=U3-3
Added Net: Name=AF
Added Pin To Net: NetName=BOOT0 Pin=P2-2
Added Pin To Net: NetName=BOOT0 Pin=U7-44
Added Net: Name=BOOT0
Added Pin To Net: NetName=BOOT1 Pin=P2-5
Added Pin To Net: NetName=BOOT1 Pin=U7-20
Added Net: Name=BOOT1
Added Pin To Net: NetName=D+ Pin=R19-2
Added Pin To Net: NetName=D+ Pin=U7-33
Added Net: Name=D+
Added Pin To Net: NetName=D- Pin=R20-1
Added Pin To Net: NetName=D- Pin=U7-32
Added Net: Name=D-
Added Pin To Net: NetName=GND Pin=C3-2
Added Pin To Net: NetName=GND Pin=C5-2
Added Pin To Net: NetName=GND Pin=C6-2
Added Pin To Net: NetName=GND Pin=C8-1
Added Pin To Net: NetName=GND Pin=C9-1
Added Pin To Net: NetName=GND Pin=C10-2
Added Pin To Net: NetName=GND Pin=C11-2
Added Pin To Net: NetName=GND Pin=C12-2
Added Pin To Net: NetName=GND Pin=C13-1
Added Pin To Net: NetName=GND Pin=C14-2
Added Pin To Net: NetName=GND Pin=C15-2
Added Pin To Net: NetName=GND Pin=C16-1
Added Pin To Net: NetName=GND Pin=C17-1
Added Pin To Net: NetName=GND Pin=C18-1
Added Pin To Net: NetName=GND Pin=C19-1
Added Pin To Net: NetName=GND Pin=C20-1
Added Pin To Net: NetName=GND Pin=C21-1
Added Pin To Net: NetName=GND Pin=J1-MP
Added Pin To Net: NetName=GND Pin=J1-MP
Added Pin To Net: NetName=GND Pin=J2-5
Added Pin To Net: NetName=GND Pin=J2-SH
Added Pin To Net: NetName=GND Pin=J2-SH
Added Pin To Net: NetName=GND Pin=J2-SH
Added Pin To Net: NetName=GND Pin=J2-SH
Added Pin To Net: NetName=GND Pin=J2-SH
Added Pin To Net: NetName=GND Pin=J2-SH
Added Pin To Net: NetName=GND Pin=J3-2
Added Pin To Net: NetName=GND Pin=LED1-1
Added Pin To Net: NetName=GND Pin=LED2-1
Added Pin To Net: NetName=GND Pin=P1-1
Added Pin To Net: NetName=GND Pin=P2-3
Added Pin To Net: NetName=GND Pin=P2-6
Added Pin To Net: NetName=GND Pin=P3-3
Added Pin To Net: NetName=GND Pin=P4-7
Added Pin To Net: NetName=GND Pin=R5-2
Added Pin To Net: NetName=GND Pin=R6-2
Added Pin To Net: NetName=GND Pin=R15-2
Added Pin To Net: NetName=GND Pin=R25-1
Added Pin To Net: NetName=GND Pin=S1-2
Added Pin To Net: NetName=GND Pin=S1-2
Added Pin To Net: NetName=GND Pin=S2-2
Added Pin To Net: NetName=GND Pin=S2-2
Added Pin To Net: NetName=GND Pin=U1-4
Added Pin To Net: NetName=GND Pin=U2-7
Added Pin To Net: NetName=GND Pin=U3-9
Added Pin To Net: NetName=GND Pin=U3-10
Added Pin To Net: NetName=GND Pin=U4-1
Added Pin To Net: NetName=GND Pin=U5-2
Added Pin To Net: NetName=GND Pin=U6-C
Added Pin To Net: NetName=GND Pin=U6-sup1
Added Pin To Net: NetName=GND Pin=U6-sup2
Added Pin To Net: NetName=GND Pin=U7-8
Added Pin To Net: NetName=GND Pin=U7-23
Added Pin To Net: NetName=GND Pin=U7-35
Added Pin To Net: NetName=GND Pin=U7-47
Added Pin To Net: NetName=GND Pin=U8-2
Added Net: Name=GND
Added Pin To Net: NetName=HL Pin=U3-7
Added Net: Name=HL
Added Pin To Net: NetName=JTCK Pin=P4-3
Added Pin To Net: NetName=JTCK Pin=U7-37
Added Net: Name=JTCK
Added Pin To Net: NetName=JTDI Pin=P4-5
Added Pin To Net: NetName=JTDI Pin=U7-38
Added Net: Name=JTDI
Added Pin To Net: NetName=JTDO Pin=P4-4
Added Pin To Net: NetName=JTDO Pin=U7-39
Added Net: Name=JTDO
Added Pin To Net: NetName=JTMS Pin=P4-2
Added Pin To Net: NetName=JTMS Pin=U7-34
Added Net: Name=JTMS
Added Pin To Net: NetName=JTRST# Pin=P4-6
Added Pin To Net: NetName=JTRST# Pin=U7-40
Added Net: Name=JTRST#
Added Pin To Net: NetName=LCD_DC Pin=U4-6
Added Pin To Net: NetName=LCD_DC Pin=U7-27
Added Net: Name=LCD_DC
Added Pin To Net: NetName=LCD_LIGHT Pin=R17-2
Added Pin To Net: NetName=LCD_LIGHT Pin=U7-41
Added Net: Name=LCD_LIGHT
Added Pin To Net: NetName=LCD_MOSI Pin=U4-5
Added Pin To Net: NetName=LCD_MOSI Pin=U7-28
Added Net: Name=LCD_MOSI
Added Pin To Net: NetName=LCD_RESET# Pin=U4-8
Added Pin To Net: NetName=LCD_RESET# Pin=U7-42
Added Net: Name=LCD_RESET#
Added Pin To Net: NetName=LCD_SCK Pin=U4-4
Added Pin To Net: NetName=LCD_SCK Pin=U7-26
Added Net: Name=LCD_SCK
Added Pin To Net: NetName=LCD_SS Pin=U4-7
Added Pin To Net: NetName=LCD_SS Pin=U7-25
Added Net: Name=LCD_SS
Added Pin To Net: NetName=MIC_IN Pin=C4-2
Added Pin To Net: NetName=MIC_IN Pin=R5-1
Added Pin To Net: NetName=MIC_IN Pin=TP1-1
Added Pin To Net: NetName=MIC_IN Pin=U3-18
Added Net: Name=MIC_IN
Added Pin To Net: NetName=NetC1_1 Pin=C1-1
Added Pin To Net: NetName=NetC1_1 Pin=C2-2
Added Pin To Net: NetName=NetC1_1 Pin=R2-1
Added Pin To Net: NetName=NetC1_1 Pin=U1-2
Added Net: Name=NetC1_1
Added Pin To Net: NetName=NetC1_2 Pin=C1-2
Added Pin To Net: NetName=NetC1_2 Pin=R2-2
Added Pin To Net: NetName=NetC1_2 Pin=R3-1
Added Pin To Net: NetName=NetC1_2 Pin=U1-1
Added Net: Name=NetC1_2
Added Pin To Net: NetName=NetC2_1 Pin=C2-1
Added Pin To Net: NetName=NetC2_1 Pin=P1-2
Added Pin To Net: NetName=NetC2_1 Pin=R1-2
Added Net: Name=NetC2_1
Added Pin To Net: NetName=NetC4_1 Pin=C4-1
Added Pin To Net: NetName=NetC4_1 Pin=R3-2
Added Net: Name=NetC4_1
Added Pin To Net: NetName=NetC5_1 Pin=C5-1
Added Pin To Net: NetName=NetC5_1 Pin=R4-2
Added Pin To Net: NetName=NetC5_1 Pin=R6-1
Added Pin To Net: NetName=NetC5_1 Pin=U1-3
Added Net: Name=NetC5_1
Added Pin To Net: NetName=NetC6_1 Pin=C6-1
Added Pin To Net: NetName=NetC6_1 Pin=U2-3
Added Net: Name=NetC6_1
Added Pin To Net: NetName=NetC7_2 Pin=C7-2
Added Pin To Net: NetName=NetC7_2 Pin=R10-1
Added Net: Name=NetC7_2
Added Pin To Net: NetName=NetC8_2 Pin=C8-2
Added Pin To Net: NetName=NetC8_2 Pin=U2-2
Added Net: Name=NetC8_2
Added Pin To Net: NetName=NetC12_1 Pin=C12-1
Added Pin To Net: NetName=NetC12_1 Pin=F1-1
Added Pin To Net: NetName=NetC12_1 Pin=L1-2
Added Pin To Net: NetName=NetC12_1 Pin=R13-1
Added Pin To Net: NetName=NetC12_1 Pin=R14-1
Added Pin To Net: NetName=NetC12_1 Pin=TP2-1
Added Net: Name=NetC12_1
Added Pin To Net: NetName=NetC13_2 Pin=C13-2
Added Pin To Net: NetName=NetC13_2 Pin=R16-2
Added Pin To Net: NetName=NetC13_2 Pin=S2-1
Added Pin To Net: NetName=NetC13_2 Pin=S2-1
Added Net: Name=NetC13_2
Added Pin To Net: NetName=NetC15_1 Pin=C15-1
Added Pin To Net: NetName=NetC15_1 Pin=J3-1
Added Pin To Net: NetName=NetC15_1 Pin=S3-1
Added Pin To Net: NetName=NetC15_1 Pin=TP3-1
Added Pin To Net: NetName=NetC15_1 Pin=U8-3
Added Net: Name=NetC15_1
Added Pin To Net: NetName=NetC16_2 Pin=C16-2
Added Pin To Net: NetName=NetC16_2 Pin=U7-5
Added Pin To Net: NetName=NetC16_2 Pin=Y1-1
Added Net: Name=NetC16_2
Added Pin To Net: NetName=NetC17_2 Pin=C17-2
Added Pin To Net: NetName=NetC17_2 Pin=U7-6
Added Pin To Net: NetName=NetC17_2 Pin=Y1-2
Added Net: Name=NetC17_2
Added Pin To Net: NetName=NetH1_1 Pin=H1-1
Added Pin To Net: NetName=NetH1_1 Pin=H1-1
Added Pin To Net: NetName=NetH1_1 Pin=H1-1
Added Pin To Net: NetName=NetH1_1 Pin=R7-2
Added Pin To Net: NetName=NetH1_1 Pin=U2-5
Added Net: Name=NetH1_1
Added Pin To Net: NetName=NetH1_2 Pin=H1-2
Added Pin To Net: NetName=NetH1_2 Pin=H1-2
Added Pin To Net: NetName=NetH1_2 Pin=H1-2
Added Pin To Net: NetName=NetH1_2 Pin=U2-8
Added Net: Name=NetH1_2
Added Pin To Net: NetName=NetJ2_2 Pin=J2-2
Added Pin To Net: NetName=NetJ2_2 Pin=R19-1
Added Net: Name=NetJ2_2
Added Pin To Net: NetName=NetJ2_3 Pin=J2-3
Added Pin To Net: NetName=NetJ2_3 Pin=R18-1
Added Pin To Net: NetName=NetJ2_3 Pin=R20-2
Added Net: Name=NetJ2_3
Added Pin To Net: NetName=NetL1_1 Pin=L1-1
Added Pin To Net: NetName=NetL1_1 Pin=U5-3
Added Net: Name=NetL1_1
Added Pin To Net: NetName=NetLED1_2 Pin=LED1-2
Added Pin To Net: NetName=NetLED1_2 Pin=R13-2
Added Net: Name=NetLED1_2
Added Pin To Net: NetName=NetLED2_2 Pin=LED2-2
Added Pin To Net: NetName=NetLED2_2 Pin=R23-1
Added Net: Name=NetLED2_2
Added Pin To Net: NetName=NetLED3_1 Pin=LED3-1
Added Pin To Net: NetName=NetLED3_1 Pin=TP4-1
Added Pin To Net: NetName=NetLED3_1 Pin=U8-1
Added Net: Name=NetLED3_1
Added Pin To Net: NetName=NetLED3_2 Pin=LED3-2
Added Pin To Net: NetName=NetLED3_2 Pin=R24-1
Added Net: Name=NetLED3_2
Added Pin To Net: NetName=NetLED?_2 Pin=LED?-2
Added Pin To Net: NetName=NetLED?_2 Pin=R8-1
Added Net: Name=NetLED?_2
Added Pin To Net: NetName=NetR7_1 Pin=R7-1
Added Pin To Net: NetName=NetR7_1 Pin=R10-2
Added Pin To Net: NetName=NetR7_1 Pin=U2-4
Added Net: Name=NetR7_1
Added Pin To Net: NetName=NetR12_1 Pin=R12-1
Added Pin To Net: NetName=NetR12_1 Pin=U2-1
Added Net: Name=NetR12_1
Added Pin To Net: NetName=NetR14_2 Pin=R14-2
Added Pin To Net: NetName=NetR14_2 Pin=R15-1
Added Pin To Net: NetName=NetR14_2 Pin=U5-5
Added Net: Name=NetR14_2
Added Pin To Net: NetName=NetR17_1 Pin=R17-1
Added Pin To Net: NetName=NetR17_1 Pin=U4-2
Added Net: Name=NetR17_1
Added Pin To Net: NetName=NetR21_2 Pin=R21-2
Added Pin To Net: NetName=NetR21_2 Pin=U6-A
Added Pin To Net: NetName=NetR21_2 Pin=U7-18
Added Net: Name=NetR21_2
Added Pin To Net: NetName=NetR22_2 Pin=R22-2
Added Pin To Net: NetName=NetR22_2 Pin=U6-B
Added Pin To Net: NetName=NetR22_2 Pin=U7-19
Added Net: Name=NetR22_2
Added Pin To Net: NetName=NetR25_2 Pin=R25-2
Added Pin To Net: NetName=NetR25_2 Pin=U8-5
Added Net: Name=NetR25_2
Added Pin To Net: NetName=PD Pin=R11-2
Added Pin To Net: NetName=PD Pin=U3-6
Added Net: Name=PD
Added Pin To Net: NetName=PTT Pin=R9-2
Added Pin To Net: NetName=PTT Pin=S1-1
Added Pin To Net: NetName=PTT Pin=S1-1
Added Pin To Net: NetName=PTT Pin=U3-5
Added Net: Name=PTT
Added Pin To Net: NetName=RESET Pin=U7-7
Added Net: Name=RESET
Added Pin To Net: NetName=RF_OUT Pin=J1-1
Added Pin To Net: NetName=RF_OUT Pin=U3-12
Added Net: Name=RF_OUT
Added Pin To Net: NetName=RXD Pin=U3-16
Added Pin To Net: NetName=RXD Pin=U7-12
Added Net: Name=RXD
Added Pin To Net: NetName=RX Pin=P3-1
Added Pin To Net: NetName=RX Pin=U7-31
Added Net: Name=RX
Added Pin To Net: NetName=SQ Pin=LED?-1
Added Pin To Net: NetName=SQ Pin=R12-2
Added Pin To Net: NetName=SQ Pin=U3-1
Added Net: Name=SQ
Added Pin To Net: NetName=TXD Pin=U3-17
Added Pin To Net: NetName=TXD Pin=U7-13
Added Net: Name=TXD
Added Pin To Net: NetName=TX Pin=P3-2
Added Pin To Net: NetName=TX Pin=U7-30
Added Net: Name=TX
Added Pin To Net: NetName=V_BAT Pin=C11-1
Added Pin To Net: NetName=V_BAT Pin=S3-2
Added Pin To Net: NetName=V_BAT Pin=U5-1
Added Pin To Net: NetName=V_BAT Pin=U5-4
Added Pin To Net: NetName=V_BAT Pin=U7-1
Added Net: Name=V_BAT
Added Pin To Net: NetName=V_USB Pin=C14-1
Added Pin To Net: NetName=V_USB Pin=J2-1
Added Pin To Net: NetName=V_USB Pin=R18-2
Added Pin To Net: NetName=V_USB Pin=R23-2
Added Pin To Net: NetName=V_USB Pin=R24-2
Added Pin To Net: NetName=V_USB Pin=U8-4
Added Net: Name=V_USB
Added Class: Name=DRA818V_transceiver_module
Added Class: Name=MCU_and_Power_Mgmt
Added Room: Name=DRA818V_transceiver_module
Added Room: Name=MCU_and_Power_Mgmt
