Added Component: Designator=C1(CAPC2012X135N)
Added Component: Designator=C2(CAPMP7343X310N)
Added Component: Designator=C3(CAPMP7343X310N)
Added Component: Designator=C4(CAPMP7343X310N)
Added Component: Designator=C5(CAPMP3216X180N)
Added Component: Designator=C6(CAPC2012X135N)
Added Component: Designator=C7(CAPMP3216X180N)
Added Component: Designator=C8(CAPMP7343X310N)
Added Component: Designator=C9(CAPMP3216X180N)
Added Component: Designator=C10(CAPC2012X135N)
Added Component: Designator=C11(CAPC2012X135N)
Added Component: Designator=C12(CAPC2012X135N)
Added Component: Designator=C13(CAPC2012X135N)
Added Component: Designator=C14(CAPC2012X135N)
Added Component: Designator=C15(CAPC1005X55N)
Added Component: Designator=C16(CAPC1005X55N)
Added Component: Designator=C17(CAPC1005X55N)
Added Component: Designator=C18(CAPC1005X55N)
Added Component: Designator=D1(3.2X1.6X1.1)
Added Component: Designator=H1(HDR_1x2_Offset)
Added Component: Designator=J1(CONN_PWR_JACK_2.1x5.5mm)
Added Component: Designator=J2(ROS-32K249-400L5_V)
Added Component: Designator=L1(INDC3216)
Added Component: Designator=L2(INDC3216)
Added Component: Designator=L3(0402-A)
Added Component: Designator=P1(HDR1X2)
Added Component: Designator=P2(HDR1X5)
Added Component: Designator=R1(RESC2012X70N)
Added Component: Designator=R2(RESC2012X70N)
Added Component: Designator=R3(RESC2012N_ZERO)
Added Component: Designator=R4(RESC2012X70N)
Added Component: Designator=R5(RESC2012N_ZERO)
Added Component: Designator=R6(RESC2012X70N)
Added Component: Designator=R7(RESC2012N_ZERO)
Added Component: Designator=R8(RESC2012N_ZERO)
Added Component: Designator=R9(RESC2012N_ZERO)
Added Component: Designator=R10(RESC2012N_ZERO)
Added Component: Designator=R11(RESC2012N_ZERO)
Added Component: Designator=R12(RESC2012N_ZERO)
Added Component: Designator=S1(TACT-SWITCH-TS1170)
Added Component: Designator=TP1(TP-R60)
Added Component: Designator=U1(MP04A_N)
Added Component: Designator=U2(MP04A_N)
Added Component: Designator=U3(751-02_N)
Added Component: Designator=U4(MP04A_N)
Added Component: Designator=U5(M08A_N)
Added Component: Designator=U6(DRA818_breakout)
Added Pin To Net: NetName=3.3V Pin=C4-1
Added Pin To Net: NetName=3.3V Pin=C14-1
Added Pin To Net: NetName=3.3V Pin=R7-2
Added Pin To Net: NetName=3.3V Pin=R9-1
Added Pin To Net: NetName=3.3V Pin=R10-1
Added Pin To Net: NetName=3.3V Pin=U1-2
Added Pin To Net: NetName=3.3V Pin=U1-4
Added Pin To Net: NetName=3.3V Pin=U2-2
Added Pin To Net: NetName=3.3V Pin=U2-4
Added Net: Name=3.3V
Added Pin To Net: NetName=5V Pin=C6-1
Added Pin To Net: NetName=5V Pin=C8-1
Added Pin To Net: NetName=5V Pin=C13-2
Added Pin To Net: NetName=5V Pin=R1-1
Added Pin To Net: NetName=5V Pin=R4-1
Added Pin To Net: NetName=5V Pin=U3-8
Added Pin To Net: NetName=5V Pin=U4-2
Added Pin To Net: NetName=5V Pin=U4-4
Added Pin To Net: NetName=5V Pin=U5-6
Added Net: Name=5V
Added Pin To Net: NetName=12V Pin=C2-1
Added Pin To Net: NetName=12V Pin=C3-1
Added Pin To Net: NetName=12V Pin=J1-1
Added Pin To Net: NetName=12V Pin=U1-3
Added Pin To Net: NetName=12V Pin=U2-3
Added Pin To Net: NetName=12V Pin=U4-3
Added Net: Name=12V
Added Pin To Net: NetName=AF Pin=C11-1
Added Net: Name=AF
Added Pin To Net: NetName=GND Pin=C2-2
Added Pin To Net: NetName=GND Pin=C3-2
Added Pin To Net: NetName=GND Pin=C4-2
Added Pin To Net: NetName=GND Pin=C6-2
Added Pin To Net: NetName=GND Pin=C8-2
Added Pin To Net: NetName=GND Pin=C9-2
Added Pin To Net: NetName=GND Pin=C10-2
Added Pin To Net: NetName=GND Pin=C12-1
Added Pin To Net: NetName=GND Pin=C13-1
Added Pin To Net: NetName=GND Pin=C14-2
Added Pin To Net: NetName=GND Pin=C15-2
Added Pin To Net: NetName=GND Pin=C16-2
Added Pin To Net: NetName=GND Pin=C17-2
Added Pin To Net: NetName=GND Pin=C18-2
Added Pin To Net: NetName=GND Pin=J1-2
Added Pin To Net: NetName=GND Pin=J1-3
Added Pin To Net: NetName=GND Pin=J2-MH
Added Pin To Net: NetName=GND Pin=J2-MH
Added Pin To Net: NetName=GND Pin=J2-MH
Added Pin To Net: NetName=GND Pin=J2-MH
Added Pin To Net: NetName=GND Pin=P1-1
Added Pin To Net: NetName=GND Pin=R5-2
Added Pin To Net: NetName=GND Pin=R6-2
Added Pin To Net: NetName=GND Pin=S1-2
Added Pin To Net: NetName=GND Pin=S1-2
Added Pin To Net: NetName=GND Pin=U1-1
Added Pin To Net: NetName=GND Pin=U2-1
Added Pin To Net: NetName=GND Pin=U3-4
Added Pin To Net: NetName=GND Pin=U4-1
Added Pin To Net: NetName=GND Pin=U5-7
Added Net: Name=GND
Added Pin To Net: NetName=HL Pin=P2-2
Added Net: Name=HL
Added Pin To Net: NetName=MIC_IN Pin=C7-2
Added Pin To Net: NetName=MIC_IN Pin=R5-1
Added Pin To Net: NetName=MIC_IN Pin=TP1-1
Added Net: Name=MIC_IN
Added Pin To Net: NetName=NetC1_1 Pin=C1-1
Added Pin To Net: NetName=NetC1_1 Pin=C5-2
Added Pin To Net: NetName=NetC1_1 Pin=R2-1
Added Pin To Net: NetName=NetC1_1 Pin=U3-2
Added Net: Name=NetC1_1
Added Pin To Net: NetName=NetC1_2 Pin=C1-2
Added Pin To Net: NetName=NetC1_2 Pin=R2-2
Added Pin To Net: NetName=NetC1_2 Pin=R3-1
Added Pin To Net: NetName=NetC1_2 Pin=U3-1
Added Net: Name=NetC1_2
Added Pin To Net: NetName=NetC5_1 Pin=C5-1
Added Pin To Net: NetName=NetC5_1 Pin=P1-2
Added Pin To Net: NetName=NetC5_1 Pin=R1-2
Added Net: Name=NetC5_1
Added Pin To Net: NetName=NetC7_1 Pin=C7-1
Added Pin To Net: NetName=NetC7_1 Pin=R3-2
Added Net: Name=NetC7_1
Added Pin To Net: NetName=NetC9_1 Pin=C9-1
Added Pin To Net: NetName=NetC9_1 Pin=R4-2
Added Pin To Net: NetName=NetC9_1 Pin=R6-1
Added Pin To Net: NetName=NetC9_1 Pin=U3-3
Added Net: Name=NetC9_1
Added Pin To Net: NetName=NetC10_1 Pin=C10-1
Added Pin To Net: NetName=NetC10_1 Pin=U5-3
Added Net: Name=NetC10_1
Added Pin To Net: NetName=NetC11_2 Pin=C11-2
Added Pin To Net: NetName=NetC11_2 Pin=R11-1
Added Net: Name=NetC11_2
Added Pin To Net: NetName=NetC12_2 Pin=C12-2
Added Pin To Net: NetName=NetC12_2 Pin=U5-2
Added Net: Name=NetC12_2
Added Pin To Net: NetName=NetC16_1 Pin=C16-1
Added Pin To Net: NetName=NetC16_1 Pin=L1-2
Added Pin To Net: NetName=NetC16_1 Pin=L2-1
Added Net: Name=NetC16_1
Added Pin To Net: NetName=NetC17_1 Pin=C17-1
Added Pin To Net: NetName=NetC17_1 Pin=L2-2
Added Pin To Net: NetName=NetC17_1 Pin=L3-1
Added Net: Name=NetC17_1
Added Pin To Net: NetName=NetC18_1 Pin=C18-1
Added Pin To Net: NetName=NetC18_1 Pin=J2-1
Added Pin To Net: NetName=NetC18_1 Pin=L3-2
Added Net: Name=NetC18_1
Added Pin To Net: NetName=NetD1_1 Pin=D1-1
Added Pin To Net: NetName=NetD1_1 Pin=R7-1
Added Net: Name=NetD1_1
Added Pin To Net: NetName=NetH1_1 Pin=H1-1
Added Pin To Net: NetName=NetH1_1 Pin=H1-1
Added Pin To Net: NetName=NetH1_1 Pin=H1-1
Added Pin To Net: NetName=NetH1_1 Pin=R8-2
Added Pin To Net: NetName=NetH1_1 Pin=U5-5
Added Net: Name=NetH1_1
Added Pin To Net: NetName=NetH1_2 Pin=H1-2
Added Pin To Net: NetName=NetH1_2 Pin=H1-2
Added Pin To Net: NetName=NetH1_2 Pin=H1-2
Added Pin To Net: NetName=NetH1_2 Pin=U5-8
Added Net: Name=NetH1_2
Added Pin To Net: NetName=NetR8_1 Pin=R8-1
Added Pin To Net: NetName=NetR8_1 Pin=R11-2
Added Pin To Net: NetName=NetR8_1 Pin=U5-4
Added Net: Name=NetR8_1
Added Pin To Net: NetName=NetR12_1 Pin=R12-1
Added Pin To Net: NetName=NetR12_1 Pin=U5-1
Added Net: Name=NetR12_1
Added Pin To Net: NetName=PD Pin=P2-1
Added Pin To Net: NetName=PD Pin=R10-2
Added Net: Name=PD
Added Pin To Net: NetName=PTT Pin=R9-2
Added Pin To Net: NetName=PTT Pin=S1-1
Added Pin To Net: NetName=PTT Pin=S1-1
Added Net: Name=PTT
Added Pin To Net: NetName=RF_OUT Pin=C15-1
Added Pin To Net: NetName=RF_OUT Pin=L1-1
Added Net: Name=RF_OUT
Added Pin To Net: NetName=RXD Pin=P2-4
Added Net: Name=RXD
Added Pin To Net: NetName=SQ Pin=D1-2
Added Pin To Net: NetName=SQ Pin=P2-3
Added Pin To Net: NetName=SQ Pin=R12-2
Added Net: Name=SQ
Added Pin To Net: NetName=TXD Pin=P2-5
Added Net: Name=TXD
Added Class: Name=DRA818V_transceiver_module
